2025-05-26 12:41:26 - Starting LoggingServiceApplication using Java 21 with PID 36580 (C:\Users\2393063\GitRepo\ElearningPlatform\logging-service\target\classes started by 2393063 in C:\Users\2393063\GitRepo\ElearningPlatform\logging-service)
2025-05-26 12:41:26 - No active profile set, falling back to 1 default profile: "default"
2025-05-26 12:41:27 - BeanFactory id=da6b45b7-3b4e-30f4-8942-e0e2251106d7
2025-05-26 12:41:28 - Tomcat initialized with port 9096 (http)
2025-05-26 12:41:28 - Starting service [Tomcat]
2025-05-26 12:41:28 - Starting Servlet engine: [Apache Tomcat/10.1.40]
2025-05-26 12:41:28 - Initializing Spring embedded WebApplicationContext
2025-05-26 12:41:28 - Root WebApplicationContext: initialization completed in 1383 ms
2025-05-26 12:41:28 - Failed to set up a Bean Validation provider: jakarta.validation.NoProviderFoundException: Unable to create a Configuration, because no Jakarta Bean Validation provider could be found. Add a provider like Hibernate Validator (RI) to your classpath.
2025-05-26 12:41:29 - Eureka HTTP Client uses RestTemplate.
2025-05-26 12:41:29 - Spring Cloud LoadBalancer is currently working with the default cache. While this cache implementation is useful for development and tests, it's recommended to use Caffeine cache in production.You can switch to using Caffeine cache, by adding it and org.springframework.cache.caffeine.CaffeineCacheManager to the classpath.
2025-05-26 12:41:29 - Setting initial instance status as: STARTING
2025-05-26 12:41:29 - Initializing Eureka in region us-east-1
2025-05-26 12:41:29 - Resolving eureka endpoints via configuration
2025-05-26 12:41:29 - Disable delta property : false
2025-05-26 12:41:29 - Single vip registry refresh property : null
2025-05-26 12:41:29 - Force full registry fetch : false
2025-05-26 12:41:29 - Application is null : false
2025-05-26 12:41:29 - Registered Applications size is zero : true
2025-05-26 12:41:29 - Application version is -1: true
2025-05-26 12:41:29 - Getting all instance registry info from the eureka server
2025-05-26 12:41:29 - The response status is 200
2025-05-26 12:41:29 - Starting heartbeat executor: renew interval is: 30
2025-05-26 12:41:30 - InstanceInfoReplicator onDemand update allowed rate per min is 4
2025-05-26 12:41:30 - Discovery Client initialized at timestamp 1748243490003 with initial instances count: 0
2025-05-26 12:41:30 - Registering application LOGGING-SERVICE with eureka with status UP
2025-05-26 12:41:30 - Saw local status change event StatusChangeEvent [timestamp=1748243490016, current=UP, previous=STARTING]
2025-05-26 12:41:30 - DiscoveryClient_LOGGING-SERVICE/LTIN591804.cts.com:logging-service:9096: registering service...
2025-05-26 12:41:30 - Tomcat started on port 9096 (http) with context path '/'
2025-05-26 12:41:30 - Updating port to 9096
2025-05-26 12:41:30 - Started LoggingServiceApplication in 3.778 seconds (process running for 4.307)
2025-05-26 12:41:30 - DiscoveryClient_LOGGING-SERVICE/LTIN591804.cts.com:logging-service:9096 - registration status: 204
2025-05-26 12:41:59 - Disable delta property : false
2025-05-26 12:41:59 - Single vip registry refresh property : null
2025-05-26 12:41:59 - Force full registry fetch : false
2025-05-26 12:41:59 - Application is null : false
2025-05-26 12:41:59 - Registered Applications size is zero : true
2025-05-26 12:41:59 - Application version is -1: false
2025-05-26 12:41:59 - Getting all instance registry info from the eureka server
2025-05-26 12:42:00 - The response status is 200
2025-05-26 12:46:29 - Resolving eureka endpoints via configuration
2025-05-26 12:52:53 - Resolving eureka endpoints via configuration
2025-05-26 12:54:54 - Starting LoggingServiceApplication using Java 21 with PID 40632 (C:\Users\2393063\GitRepo\ElearningPlatform\logging-service\target\classes started by 2393063 in C:\Users\2393063\GitRepo\ElearningPlatform\logging-service)
2025-05-26 12:54:54 - No active profile set, falling back to 1 default profile: "default"
2025-05-26 12:54:55 - BeanFactory id=da6b45b7-3b4e-30f4-8942-e0e2251106d7
2025-05-26 12:54:56 - Tomcat initialized with port 9096 (http)
2025-05-26 12:54:56 - Starting service [Tomcat]
2025-05-26 12:54:56 - Starting Servlet engine: [Apache Tomcat/10.1.40]
2025-05-26 12:54:56 - Initializing Spring embedded WebApplicationContext
2025-05-26 12:54:56 - Root WebApplicationContext: initialization completed in 1531 ms
2025-05-26 12:54:56 - Failed to set up a Bean Validation provider: jakarta.validation.NoProviderFoundException: Unable to create a Configuration, because no Jakarta Bean Validation provider could be found. Add a provider like Hibernate Validator (RI) to your classpath.
2025-05-26 12:54:57 - Eureka HTTP Client uses RestTemplate.
2025-05-26 12:54:57 - Spring Cloud LoadBalancer is currently working with the default cache. While this cache implementation is useful for development and tests, it's recommended to use Caffeine cache in production.You can switch to using Caffeine cache, by adding it and org.springframework.cache.caffeine.CaffeineCacheManager to the classpath.
2025-05-26 12:54:57 - Setting initial instance status as: STARTING
2025-05-26 12:54:57 - Initializing Eureka in region us-east-1
2025-05-26 12:54:57 - Resolving eureka endpoints via configuration
2025-05-26 12:54:57 - Disable delta property : false
2025-05-26 12:54:57 - Single vip registry refresh property : null
2025-05-26 12:54:57 - Force full registry fetch : false
2025-05-26 12:54:57 - Application is null : false
2025-05-26 12:54:57 - Registered Applications size is zero : true
2025-05-26 12:54:57 - Application version is -1: true
2025-05-26 12:54:57 - Getting all instance registry info from the eureka server
2025-05-26 12:54:57 - The response status is 200
2025-05-26 12:54:57 - Starting heartbeat executor: renew interval is: 30
2025-05-26 12:54:57 - InstanceInfoReplicator onDemand update allowed rate per min is 4
2025-05-26 12:54:57 - Discovery Client initialized at timestamp 1748244297759 with initial instances count: 0
2025-05-26 12:54:57 - Registering application LOGGING-SERVICE with eureka with status UP
2025-05-26 12:54:57 - Saw local status change event StatusChangeEvent [timestamp=1748244297766, current=UP, previous=STARTING]
2025-05-26 12:54:57 - DiscoveryClient_LOGGING-SERVICE/LTIN591804.cts.com:logging-service:9096: registering service...
2025-05-26 12:54:57 - Tomcat started on port 9096 (http) with context path '/'
2025-05-26 12:54:57 - Updating port to 9096
2025-05-26 12:54:57 - Started LoggingServiceApplication in 3.819 seconds (process running for 4.519)
2025-05-26 12:54:57 - DiscoveryClient_LOGGING-SERVICE/LTIN591804.cts.com:logging-service:9096 - registration status: 204
2025-05-26 12:55:27 - Disable delta property : false
2025-05-26 12:55:27 - Single vip registry refresh property : null
2025-05-26 12:55:27 - Force full registry fetch : false
2025-05-26 12:55:27 - Application is null : false
2025-05-26 12:55:27 - Registered Applications size is zero : true
2025-05-26 12:55:27 - Application version is -1: false
2025-05-26 12:55:27 - Getting all instance registry info from the eureka server
2025-05-26 12:55:27 - The response status is 200
2025-05-26 12:59:57 - Resolving eureka endpoints via configuration
2025-05-26 17:05:45 - Starting LoggingServiceApplication using Java 21 with PID 18136 (C:\Users\2393063\GitRepo\ElearningPlatform\logging-service\target\classes started by 2393063 in C:\Users\2393063\GitRepo\ElearningPlatform\logging-service)
2025-05-26 17:05:45 - No active profile set, falling back to 1 default profile: "default"
2025-05-26 17:05:46 - BeanFactory id=da6b45b7-3b4e-30f4-8942-e0e2251106d7
2025-05-26 17:05:47 - Tomcat initialized with port 9096 (http)
2025-05-26 17:05:47 - Starting service [Tomcat]
2025-05-26 17:05:47 - Starting Servlet engine: [Apache Tomcat/10.1.40]
2025-05-26 17:05:47 - Initializing Spring embedded WebApplicationContext
2025-05-26 17:05:47 - Root WebApplicationContext: initialization completed in 1412 ms
2025-05-26 17:05:47 - Failed to set up a Bean Validation provider: jakarta.validation.NoProviderFoundException: Unable to create a Configuration, because no Jakarta Bean Validation provider could be found. Add a provider like Hibernate Validator (RI) to your classpath.
2025-05-26 17:05:48 - Eureka HTTP Client uses RestTemplate.
2025-05-26 17:05:48 - Spring Cloud LoadBalancer is currently working with the default cache. While this cache implementation is useful for development and tests, it's recommended to use Caffeine cache in production.You can switch to using Caffeine cache, by adding it and org.springframework.cache.caffeine.CaffeineCacheManager to the classpath.
2025-05-26 17:05:48 - Setting initial instance status as: STARTING
2025-05-26 17:05:48 - Initializing Eureka in region us-east-1
2025-05-26 17:05:48 - Resolving eureka endpoints via configuration
2025-05-26 17:05:48 - Disable delta property : false
2025-05-26 17:05:48 - Single vip registry refresh property : null
2025-05-26 17:05:48 - Force full registry fetch : false
2025-05-26 17:05:48 - Application is null : false
2025-05-26 17:05:48 - Registered Applications size is zero : true
2025-05-26 17:05:48 - Application version is -1: true
2025-05-26 17:05:48 - Getting all instance registry info from the eureka server
2025-05-26 17:05:48 - The response status is 200
2025-05-26 17:05:48 - Starting heartbeat executor: renew interval is: 30
2025-05-26 17:05:48 - InstanceInfoReplicator onDemand update allowed rate per min is 4
2025-05-26 17:05:48 - Discovery Client initialized at timestamp 1748259348953 with initial instances count: 2
2025-05-26 17:05:48 - Registering application LOGGING-SERVICE with eureka with status UP
2025-05-26 17:05:48 - Saw local status change event StatusChangeEvent [timestamp=1748259348958, current=UP, previous=STARTING]
2025-05-26 17:05:48 - DiscoveryClient_LOGGING-SERVICE/LTIN591804.mshome.net:logging-service:9096: registering service...
2025-05-26 17:05:48 - Tomcat started on port 9096 (http) with context path '/'
2025-05-26 17:05:48 - Updating port to 9096
2025-05-26 17:05:49 - Started LoggingServiceApplication in 3.866 seconds (process running for 4.388)
2025-05-26 17:05:49 - DiscoveryClient_LOGGING-SERVICE/LTIN591804.mshome.net:logging-service:9096 - registration status: 204
2025-05-26 17:10:38 - Initializing Spring DispatcherServlet 'dispatcherServlet'
2025-05-26 17:10:38 - Initializing Servlet 'dispatcherServlet'
2025-05-26 17:10:38 - Completed initialization in 1 ms
2025-05-26 17:10:38 - User service added user
2025-05-26 17:10:48 - Resolving eureka endpoints via configuration
2025-05-26 17:11:29 - User service sent Email to kit.25.21bec002@gmail.com for Resetting password 
2025-05-26 17:11:40 - User service successfully changed password for Email to kit.25.21bec002@gmail.com
2025-05-26 17:15:48 - Resolving eureka endpoints via configuration
2025-05-26 17:17:24 - User [userId=1, name=Abilash, password=$2a$12$1Odx1MPl5QahP.OVJb6fVe/JSTTD0YPP7F8B602efSLtFP3zRXaKu, role=INSTRUCTOR, email=kit.25.21bec002@gmail.com]
2025-05-26 17:17:32 - ErrorMessage(zonedDateTime=2025-05-26T17:17:32.674635100+05:30[Asia/Kolkata], message=Course already exists, httpStatus=409 CONFLICT)
2025-05-26 17:18:26 - User [userId=1, name=Abilash, password=$2a$12$1Odx1MPl5QahP.OVJb6fVe/JSTTD0YPP7F8B602efSLtFP3zRXaKu, role=INSTRUCTOR, email=kit.25.21bec002@gmail.com]
2025-05-26 17:18:31 - ErrorMessage(zonedDateTime=2025-05-26T17:18:31.100159300+05:30[Asia/Kolkata], message=Course already exists, httpStatus=409 CONFLICT)
2025-05-26 17:19:19 - User [userId=1, name=Abilash, password=$2a$12$1Odx1MPl5QahP.OVJb6fVe/JSTTD0YPP7F8B602efSLtFP3zRXaKu, role=INSTRUCTOR, email=kit.25.21bec002@gmail.com]
2025-05-26 17:19:31 - User [userId=1, name=Abilash, password=$2a$12$1Odx1MPl5QahP.OVJb6fVe/JSTTD0YPP7F8B602efSLtFP3zRXaKu, role=INSTRUCTOR, email=kit.25.21bec002@gmail.com]
2025-05-26 17:19:33 - User [userId=1, name=Abilash, password=$2a$12$1Odx1MPl5QahP.OVJb6fVe/JSTTD0YPP7F8B602efSLtFP3zRXaKu, role=INSTRUCTOR, email=kit.25.21bec002@gmail.com]
2025-05-26 17:19:49 - User [userId=1, name=Abilash, password=$2a$12$1Odx1MPl5QahP.OVJb6fVe/JSTTD0YPP7F8B602efSLtFP3zRXaKu, role=INSTRUCTOR, email=kit.25.21bec002@gmail.com]
2025-05-26 17:20:48 - Resolving eureka endpoints via configuration
2025-05-26 17:25:48 - Resolving eureka endpoints via configuration
2025-05-26 17:25:50 - DiscoveryClient_LOGGING-SERVICE/LTIN591804.mshome.net:logging-service:9096 - Re-registering apps/LOGGING-SERVICE
2025-05-26 17:25:50 - DiscoveryClient_LOGGING-SERVICE/LTIN591804.mshome.net:logging-service:9096: registering service...
2025-05-26 17:25:50 - DiscoveryClient_LOGGING-SERVICE/LTIN591804.mshome.net:logging-service:9096 - registration status: 204
2025-05-26 17:26:20 - Disable delta property : false
2025-05-26 17:26:20 - Single vip registry refresh property : null
2025-05-26 17:26:20 - Force full registry fetch : false
2025-05-26 17:26:20 - Application is null : false
2025-05-26 17:26:20 - Registered Applications size is zero : true
2025-05-26 17:26:20 - Application version is -1: false
2025-05-26 17:26:20 - Getting all instance registry info from the eureka server
2025-05-26 17:26:20 - The response status is 200
2025-05-26 17:28:58 - Course service counted enrollment
2025-05-26 17:29:09 - Course service listed enrollment
2025-05-26 17:29:26 - User [userId=1, name=Abilash, password=$2a$12$1Odx1MPl5QahP.OVJb6fVe/JSTTD0YPP7F8B602efSLtFP3zRXaKu, role=INSTRUCTOR, email=kit.25.21bec002@gmail.com]
2025-05-26 17:29:30 - Course service added course
2025-05-26 17:30:35 - ErrorMessage(zonedDateTime=2025-05-26T17:30:35.010014500+05:30[Asia/Kolkata], message=Course not found, httpStatus=409 CONFLICT)
2025-05-26 17:30:48 - Resolving eureka endpoints via configuration
2025-05-26 17:30:48 - ErrorMessage(zonedDateTime=2025-05-26T17:30:48.544117700+05:30[Asia/Kolkata], message=Course not found, httpStatus=409 CONFLICT)
2025-05-26 17:30:59 - ErrorMessage(zonedDateTime=2025-05-26T17:30:59.386468700+05:30[Asia/Kolkata], message=Course Not Found, httpStatus=409 CONFLICT)
2025-05-26 17:31:20 - ErrorMessage(zonedDateTime=2025-05-26T17:31:20.634162600+05:30[Asia/Kolkata], message=Course Not Found, httpStatus=409 CONFLICT)
2025-05-26 17:31:27 - ErrorMessage(zonedDateTime=2025-05-26T17:31:27.574106500+05:30[Asia/Kolkata], message=Course not found, httpStatus=409 CONFLICT)
2025-05-26 17:31:28 - ErrorMessage(zonedDateTime=2025-05-26T17:31:28.823221100+05:30[Asia/Kolkata], message=Course Not Found, httpStatus=409 CONFLICT)
2025-05-26 17:32:42 - User [userId=1, name=Abilash, password=$2a$12$1Odx1MPl5QahP.OVJb6fVe/JSTTD0YPP7F8B602efSLtFP3zRXaKu, role=INSTRUCTOR, email=kit.25.21bec002@gmail.com]
2025-05-26 17:32:45 - Course service added course
2025-05-26 17:34:59 - User [userId=1, name=Abilash, password=$2a$12$1Odx1MPl5QahP.OVJb6fVe/JSTTD0YPP7F8B602efSLtFP3zRXaKu, role=INSTRUCTOR, email=kit.25.21bec002@gmail.com]
2025-05-26 17:34:59 - Course service fetched enrollment by Id
2025-05-26 17:35:02 - Enrollment service added enrollment
2025-05-26 17:35:48 - Resolving eureka endpoints via configuration
2025-05-26 17:36:11 - Enrollment service fetched enrollment by id 1
2025-05-26 17:37:40 - Enrollment service deleted element by id 1
2025-05-26 17:40:48 - Resolving eureka endpoints via configuration
2025-05-26 17:45:44 - Assessment service added Assessment
2025-05-26 17:45:48 - Resolving eureka endpoints via configuration
2025-05-26 17:47:34 - Assessment service updated Assessment
2025-05-26 17:49:23 - Assessment service deleted Assessment 2
2025-05-26 17:50:39 - Assessment service added Assessment
2025-05-26 17:50:46 - Assessment service fetched all the records
2025-05-26 17:50:48 - Resolving eureka endpoints via configuration
2025-05-26 17:51:53 - Assessment Service Fetched total Count of records
2025-05-26 17:55:48 - Resolving eureka endpoints via configuration
2025-05-26 18:00:48 - Resolving eureka endpoints via configuration
2025-05-26 18:03:56 - Submission service added submission
2025-05-26 18:05:48 - Resolving eureka endpoints via configuration
2025-05-26 18:06:47 - Submission service updated submission by id 5
2025-05-26 18:08:04 - Submission service fetched all the records
2025-05-26 18:10:48 - Resolving eureka endpoints via configuration
2025-05-26 18:14:52 - Request execution error. endpoint=DefaultEndpoint{ serviceUrl='http://localhost:8761/eureka/} exception=I/O error on GET request for "http://localhost:8761/eureka/apps/delta": Connect to http://localhost:8761 [localhost/127.0.0.1, localhost/0:0:0:0:0:0:0:1] failed: Connection refused: no further information stacktrace=org.springframework.web.client.ResourceAccessException: I/O error on GET request for "http://localhost:8761/eureka/apps/delta": Connect to http://localhost:8761 [localhost/127.0.0.1, localhost/0:0:0:0:0:0:0:1] failed: Connection refused: no further information
	at org.springframework.web.client.RestTemplate.createResourceAccessException(RestTemplate.java:926)
	at org.springframework.web.client.RestTemplate.doExecute(RestTemplate.java:906)
	at org.springframework.web.client.RestTemplate.execute(RestTemplate.java:841)
	at org.springframework.web.client.RestTemplate.exchange(RestTemplate.java:702)
	at org.springframework.cloud.netflix.eureka.http.RestTemplateEurekaHttpClient.getApplicationsInternal(RestTemplateEurekaHttpClient.java:174)
	at org.springframework.cloud.netflix.eureka.http.RestTemplateEurekaHttpClient.getDelta(RestTemplateEurekaHttpClient.java:186)
	at com.netflix.discovery.shared.transport.decorator.EurekaHttpClientDecorator$7.execute(EurekaHttpClientDecorator.java:152)
	at com.netflix.discovery.shared.transport.decorator.RedirectingEurekaHttpClient.execute(RedirectingEurekaHttpClient.java:91)
	at com.netflix.discovery.shared.transport.decorator.EurekaHttpClientDecorator.getDelta(EurekaHttpClientDecorator.java:149)
	at com.netflix.discovery.shared.transport.decorator.EurekaHttpClientDecorator$7.execute(EurekaHttpClientDecorator.java:152)
	at com.netflix.discovery.shared.transport.decorator.RetryableEurekaHttpClient.execute(RetryableEurekaHttpClient.java:120)
	at com.netflix.discovery.shared.transport.decorator.EurekaHttpClientDecorator.getDelta(EurekaHttpClientDecorator.java:149)
	at com.netflix.discovery.shared.transport.decorator.EurekaHttpClientDecorator$7.execute(EurekaHttpClientDecorator.java:152)
	at com.netflix.discovery.shared.transport.decorator.SessionedEurekaHttpClient.execute(SessionedEurekaHttpClient.java:76)
	at com.netflix.discovery.shared.transport.decorator.EurekaHttpClientDecorator.getDelta(EurekaHttpClientDecorator.java:149)
	at com.netflix.discovery.DiscoveryClient.getAndUpdateDelta(DiscoveryClient.java:1080)
	at com.netflix.discovery.DiscoveryClient.fetchRegistry(DiscoveryClient.java:963)
	at com.netflix.discovery.DiscoveryClient.refreshRegistry(DiscoveryClient.java:1473)
	at com.netflix.discovery.DiscoveryClient$CacheRefreshThread.run(DiscoveryClient.java:1441)
	at java.base/java.util.concurrent.Executors$RunnableAdapter.call(Executors.java:572)
	at java.base/java.util.concurrent.FutureTask.run(FutureTask.java:317)
	at java.base/java.util.concurrent.ThreadPoolExecutor.runWorker(ThreadPoolExecutor.java:1144)
	at java.base/java.util.concurrent.ThreadPoolExecutor$Worker.run(ThreadPoolExecutor.java:642)
	at java.base/java.lang.Thread.run(Thread.java:1583)
Caused by: org.apache.hc.client5.http.HttpHostConnectException: Connect to http://localhost:8761 [localhost/127.0.0.1, localhost/0:0:0:0:0:0:0:1] failed: Connection refused: no further information
	at java.base/sun.nio.ch.Net.pollConnect(Native Method)
	at java.base/sun.nio.ch.Net.pollConnectNow(Net.java:682)
	at java.base/sun.nio.ch.NioSocketImpl.timedFinishConnect(NioSocketImpl.java:542)
	at java.base/sun.nio.ch.NioSocketImpl.connect(NioSocketImpl.java:592)
	at java.base/java.net.SocksSocketImpl.connect(SocksSocketImpl.java:327)
	at java.base/java.net.Socket.connect(Socket.java:751)
	at org.apache.hc.client5.http.impl.io.DefaultHttpClientConnectionOperator.connect(DefaultHttpClientConnectionOperator.java:216)
	at org.apache.hc.client5.http.impl.io.PoolingHttpClientConnectionManager.connect(PoolingHttpClientConnectionManager.java:490)
	at org.apache.hc.client5.http.impl.classic.InternalExecRuntime.connectEndpoint(InternalExecRuntime.java:164)
	at org.apache.hc.client5.http.impl.classic.InternalExecRuntime.connectEndpoint(InternalExecRuntime.java:174)
	at org.apache.hc.client5.http.impl.classic.ConnectExec.execute(ConnectExec.java:144)
	at org.apache.hc.client5.http.impl.classic.ExecChainElement.execute(ExecChainElement.java:51)
	at org.apache.hc.client5.http.impl.classic.ProtocolExec.execute(ProtocolExec.java:192)
	at org.apache.hc.client5.http.impl.classic.ExecChainElement.execute(ExecChainElement.java:51)
	at org.apache.hc.client5.http.impl.classic.ContentCompressionExec.execute(ContentCompressionExec.java:150)
	at org.apache.hc.client5.http.impl.classic.ExecChainElement.execute(ExecChainElement.java:51)
	at org.apache.hc.client5.http.impl.classic.HttpRequestRetryExec.execute(HttpRequestRetryExec.java:113)
	at org.apache.hc.client5.http.impl.classic.ExecChainElement.execute(ExecChainElement.java:51)
	at org.apache.hc.client5.http.impl.classic.RedirectExec.execute(RedirectExec.java:110)
	at org.apache.hc.client5.http.impl.classic.ExecChainElement.execute(ExecChainElement.java:51)
	at org.apache.hc.client5.http.impl.classic.InternalHttpClient.doExecute(InternalHttpClient.java:183)
	at org.apache.hc.client5.http.impl.classic.CloseableHttpClient.execute(CloseableHttpClient.java:87)
	at org.apache.hc.client5.http.impl.classic.CloseableHttpClient.execute(CloseableHttpClient.java:55)
	at org.apache.hc.client5.http.classic.HttpClient.executeOpen(HttpClient.java:183)
	at org.springframework.http.client.HttpComponentsClientHttpRequest.executeInternal(HttpComponentsClientHttpRequest.java:99)
	at org.springframework.http.client.AbstractStreamingClientHttpRequest.executeInternal(AbstractStreamingClientHttpRequest.java:71)
	at org.springframework.http.client.AbstractClientHttpRequest.execute(AbstractClientHttpRequest.java:81)
	at org.springframework.http.client.InterceptingClientHttpRequest$InterceptingRequestExecution.execute(InterceptingClientHttpRequest.java:117)
	at org.springframework.cloud.netflix.eureka.http.RestTemplateTransportClientFactory.lambda$restTemplate$2(RestTemplateTransportClientFactory.java:145)
	at org.springframework.http.client.InterceptingClientHttpRequest$InterceptingRequestExecution.execute(InterceptingClientHttpRequest.java:88)
	at org.springframework.http.client.InterceptingClientHttpRequest.executeInternal(InterceptingClientHttpRequest.java:72)
	at org.springframework.http.client.AbstractBufferingClientHttpRequest.executeInternal(AbstractBufferingClientHttpRequest.java:48)
	at org.springframework.http.client.AbstractClientHttpRequest.execute(AbstractClientHttpRequest.java:81)
	at org.springframework.web.client.RestTemplate.doExecute(RestTemplate.java:900)
	... 22 more

2025-05-26 18:14:52 - Request execution error. endpoint=DefaultEndpoint{ serviceUrl='http://localhost:8761/eureka/} exception=I/O error on PUT request for "http://localhost:8761/eureka/apps/LOGGING-SERVICE/LTIN591804.mshome.net:logging-service:9096": Connect to http://localhost:8761 [localhost/127.0.0.1, localhost/0:0:0:0:0:0:0:1] failed: Connection refused: no further information stacktrace=org.springframework.web.client.ResourceAccessException: I/O error on PUT request for "http://localhost:8761/eureka/apps/LOGGING-SERVICE/LTIN591804.mshome.net:logging-service:9096": Connect to http://localhost:8761 [localhost/127.0.0.1, localhost/0:0:0:0:0:0:0:1] failed: Connection refused: no further information
	at org.springframework.web.client.RestTemplate.createResourceAccessException(RestTemplate.java:926)
	at org.springframework.web.client.RestTemplate.doExecute(RestTemplate.java:906)
	at org.springframework.web.client.RestTemplate.execute(RestTemplate.java:841)
	at org.springframework.web.client.RestTemplate.exchange(RestTemplate.java:702)
	at org.springframework.cloud.netflix.eureka.http.RestTemplateEurekaHttpClient.sendHeartBeat(RestTemplateEurekaHttpClient.java:119)
	at com.netflix.discovery.shared.transport.decorator.EurekaHttpClientDecorator$3.execute(EurekaHttpClientDecorator.java:92)
	at com.netflix.discovery.shared.transport.decorator.RedirectingEurekaHttpClient.execute(RedirectingEurekaHttpClient.java:91)
	at com.netflix.discovery.shared.transport.decorator.EurekaHttpClientDecorator.sendHeartBeat(EurekaHttpClientDecorator.java:89)
	at com.netflix.discovery.shared.transport.decorator.EurekaHttpClientDecorator$3.execute(EurekaHttpClientDecorator.java:92)
	at com.netflix.discovery.shared.transport.decorator.RetryableEurekaHttpClient.execute(RetryableEurekaHttpClient.java:120)
	at com.netflix.discovery.shared.transport.decorator.EurekaHttpClientDecorator.sendHeartBeat(EurekaHttpClientDecorator.java:89)
	at com.netflix.discovery.shared.transport.decorator.EurekaHttpClientDecorator$3.execute(EurekaHttpClientDecorator.java:92)
	at com.netflix.discovery.shared.transport.decorator.SessionedEurekaHttpClient.execute(SessionedEurekaHttpClient.java:76)
	at com.netflix.discovery.shared.transport.decorator.EurekaHttpClientDecorator.sendHeartBeat(EurekaHttpClientDecorator.java:89)
	at com.netflix.discovery.DiscoveryClient.renew(DiscoveryClient.java:845)
	at com.netflix.discovery.DiscoveryClient$HeartbeatThread.run(DiscoveryClient.java:1402)
	at java.base/java.util.concurrent.Executors$RunnableAdapter.call(Executors.java:572)
	at java.base/java.util.concurrent.FutureTask.run(FutureTask.java:317)
	at java.base/java.util.concurrent.ThreadPoolExecutor.runWorker(ThreadPoolExecutor.java:1144)
	at java.base/java.util.concurrent.ThreadPoolExecutor$Worker.run(ThreadPoolExecutor.java:642)
	at java.base/java.lang.Thread.run(Thread.java:1583)
Caused by: org.apache.hc.client5.http.HttpHostConnectException: Connect to http://localhost:8761 [localhost/127.0.0.1, localhost/0:0:0:0:0:0:0:1] failed: Connection refused: no further information
	at java.base/sun.nio.ch.Net.pollConnect(Native Method)
	at java.base/sun.nio.ch.Net.pollConnectNow(Net.java:682)
	at java.base/sun.nio.ch.NioSocketImpl.timedFinishConnect(NioSocketImpl.java:542)
	at java.base/sun.nio.ch.NioSocketImpl.connect(NioSocketImpl.java:592)
	at java.base/java.net.SocksSocketImpl.connect(SocksSocketImpl.java:327)
	at java.base/java.net.Socket.connect(Socket.java:751)
	at org.apache.hc.client5.http.impl.io.DefaultHttpClientConnectionOperator.connect(DefaultHttpClientConnectionOperator.java:216)
	at org.apache.hc.client5.http.impl.io.PoolingHttpClientConnectionManager.connect(PoolingHttpClientConnectionManager.java:490)
	at org.apache.hc.client5.http.impl.classic.InternalExecRuntime.connectEndpoint(InternalExecRuntime.java:164)
	at org.apache.hc.client5.http.impl.classic.InternalExecRuntime.connectEndpoint(InternalExecRuntime.java:174)
	at org.apache.hc.client5.http.impl.classic.ConnectExec.execute(ConnectExec.java:144)
	at org.apache.hc.client5.http.impl.classic.ExecChainElement.execute(ExecChainElement.java:51)
	at org.apache.hc.client5.http.impl.classic.ProtocolExec.execute(ProtocolExec.java:192)
	at org.apache.hc.client5.http.impl.classic.ExecChainElement.execute(ExecChainElement.java:51)
	at org.apache.hc.client5.http.impl.classic.ContentCompressionExec.execute(ContentCompressionExec.java:150)
	at org.apache.hc.client5.http.impl.classic.ExecChainElement.execute(ExecChainElement.java:51)
	at org.apache.hc.client5.http.impl.classic.HttpRequestRetryExec.execute(HttpRequestRetryExec.java:113)
	at org.apache.hc.client5.http.impl.classic.ExecChainElement.execute(ExecChainElement.java:51)
	at org.apache.hc.client5.http.impl.classic.RedirectExec.execute(RedirectExec.java:110)
	at org.apache.hc.client5.http.impl.classic.ExecChainElement.execute(ExecChainElement.java:51)
	at org.apache.hc.client5.http.impl.classic.InternalHttpClient.doExecute(InternalHttpClient.java:183)
	at org.apache.hc.client5.http.impl.classic.CloseableHttpClient.execute(CloseableHttpClient.java:87)
	at org.apache.hc.client5.http.impl.classic.CloseableHttpClient.execute(CloseableHttpClient.java:55)
	at org.apache.hc.client5.http.classic.HttpClient.executeOpen(HttpClient.java:183)
	at org.springframework.http.client.HttpComponentsClientHttpRequest.executeInternal(HttpComponentsClientHttpRequest.java:99)
	at org.springframework.http.client.AbstractStreamingClientHttpRequest.executeInternal(AbstractStreamingClientHttpRequest.java:71)
	at org.springframework.http.client.AbstractClientHttpRequest.execute(AbstractClientHttpRequest.java:81)
	at org.springframework.http.client.InterceptingClientHttpRequest$InterceptingRequestExecution.execute(InterceptingClientHttpRequest.java:117)
	at org.springframework.cloud.netflix.eureka.http.RestTemplateTransportClientFactory.lambda$restTemplate$2(RestTemplateTransportClientFactory.java:145)
	at org.springframework.http.client.InterceptingClientHttpRequest$InterceptingRequestExecution.execute(InterceptingClientHttpRequest.java:88)
	at org.springframework.http.client.InterceptingClientHttpRequest.executeInternal(InterceptingClientHttpRequest.java:72)
	at org.springframework.http.client.AbstractBufferingClientHttpRequest.executeInternal(AbstractBufferingClientHttpRequest.java:48)
	at org.springframework.http.client.AbstractClientHttpRequest.execute(AbstractClientHttpRequest.java:81)
	at org.springframework.web.client.RestTemplate.doExecute(RestTemplate.java:900)
	... 19 more

2025-05-26 18:14:52 - Request execution failed with message: I/O error on PUT request for "http://localhost:8761/eureka/apps/LOGGING-SERVICE/LTIN591804.mshome.net:logging-service:9096": Connect to http://localhost:8761 [localhost/127.0.0.1, localhost/0:0:0:0:0:0:0:1] failed: Connection refused: no further information
2025-05-26 18:14:52 - Request execution failed with message: I/O error on GET request for "http://localhost:8761/eureka/apps/delta": Connect to http://localhost:8761 [localhost/127.0.0.1, localhost/0:0:0:0:0:0:0:1] failed: Connection refused: no further information
2025-05-26 18:14:53 - Request execution error. endpoint=DefaultEndpoint{ serviceUrl='http://localhost:8761/eureka/}, exception=I/O error on GET request for "http://localhost:8761/eureka/apps/delta": Connect to http://localhost:8761 [localhost/127.0.0.1, localhost/0:0:0:0:0:0:0:1] failed: Connection refused: no further information stacktrace=org.springframework.web.client.ResourceAccessException: I/O error on GET request for "http://localhost:8761/eureka/apps/delta": Connect to http://localhost:8761 [localhost/127.0.0.1, localhost/0:0:0:0:0:0:0:1] failed: Connection refused: no further information
	at org.springframework.web.client.RestTemplate.createResourceAccessException(RestTemplate.java:926)
	at org.springframework.web.client.RestTemplate.doExecute(RestTemplate.java:906)
	at org.springframework.web.client.RestTemplate.execute(RestTemplate.java:841)
	at org.springframework.web.client.RestTemplate.exchange(RestTemplate.java:702)
	at org.springframework.cloud.netflix.eureka.http.RestTemplateEurekaHttpClient.getApplicationsInternal(RestTemplateEurekaHttpClient.java:174)
	at org.springframework.cloud.netflix.eureka.http.RestTemplateEurekaHttpClient.getDelta(RestTemplateEurekaHttpClient.java:186)
	at com.netflix.discovery.shared.transport.decorator.EurekaHttpClientDecorator$7.execute(EurekaHttpClientDecorator.java:152)
	at com.netflix.discovery.shared.transport.decorator.RedirectingEurekaHttpClient.executeOnNewServer(RedirectingEurekaHttpClient.java:121)
	at com.netflix.discovery.shared.transport.decorator.RedirectingEurekaHttpClient.execute(RedirectingEurekaHttpClient.java:80)
	at com.netflix.discovery.shared.transport.decorator.EurekaHttpClientDecorator.getDelta(EurekaHttpClientDecorator.java:149)
	at com.netflix.discovery.shared.transport.decorator.EurekaHttpClientDecorator$7.execute(EurekaHttpClientDecorator.java:152)
	at com.netflix.discovery.shared.transport.decorator.RetryableEurekaHttpClient.execute(RetryableEurekaHttpClient.java:120)
	at com.netflix.discovery.shared.transport.decorator.EurekaHttpClientDecorator.getDelta(EurekaHttpClientDecorator.java:149)
	at com.netflix.discovery.shared.transport.decorator.EurekaHttpClientDecorator$7.execute(EurekaHttpClientDecorator.java:152)
	at com.netflix.discovery.shared.transport.decorator.SessionedEurekaHttpClient.execute(SessionedEurekaHttpClient.java:76)
	at com.netflix.discovery.shared.transport.decorator.EurekaHttpClientDecorator.getDelta(EurekaHttpClientDecorator.java:149)
	at com.netflix.discovery.DiscoveryClient.getAndUpdateDelta(DiscoveryClient.java:1080)
	at com.netflix.discovery.DiscoveryClient.fetchRegistry(DiscoveryClient.java:963)
	at com.netflix.discovery.DiscoveryClient.refreshRegistry(DiscoveryClient.java:1473)
	at com.netflix.discovery.DiscoveryClient$CacheRefreshThread.run(DiscoveryClient.java:1441)
	at java.base/java.util.concurrent.Executors$RunnableAdapter.call(Executors.java:572)
	at java.base/java.util.concurrent.FutureTask.run(FutureTask.java:317)
	at java.base/java.util.concurrent.ThreadPoolExecutor.runWorker(ThreadPoolExecutor.java:1144)
	at java.base/java.util.concurrent.ThreadPoolExecutor$Worker.run(ThreadPoolExecutor.java:642)
	at java.base/java.lang.Thread.run(Thread.java:1583)
Caused by: org.apache.hc.client5.http.HttpHostConnectException: Connect to http://localhost:8761 [localhost/127.0.0.1, localhost/0:0:0:0:0:0:0:1] failed: Connection refused: no further information
	at java.base/sun.nio.ch.Net.pollConnect(Native Method)
	at java.base/sun.nio.ch.Net.pollConnectNow(Net.java:682)
	at java.base/sun.nio.ch.NioSocketImpl.timedFinishConnect(NioSocketImpl.java:542)
	at java.base/sun.nio.ch.NioSocketImpl.connect(NioSocketImpl.java:592)
	at java.base/java.net.SocksSocketImpl.connect(SocksSocketImpl.java:327)
	at java.base/java.net.Socket.connect(Socket.java:751)
	at org.apache.hc.client5.http.impl.io.DefaultHttpClientConnectionOperator.connect(DefaultHttpClientConnectionOperator.java:216)
	at org.apache.hc.client5.http.impl.io.PoolingHttpClientConnectionManager.connect(PoolingHttpClientConnectionManager.java:490)
	at org.apache.hc.client5.http.impl.classic.InternalExecRuntime.connectEndpoint(InternalExecRuntime.java:164)
	at org.apache.hc.client5.http.impl.classic.InternalExecRuntime.connectEndpoint(InternalExecRuntime.java:174)
	at org.apache.hc.client5.http.impl.classic.ConnectExec.execute(ConnectExec.java:144)
	at org.apache.hc.client5.http.impl.classic.ExecChainElement.execute(ExecChainElement.java:51)
	at org.apache.hc.client5.http.impl.classic.ProtocolExec.execute(ProtocolExec.java:192)
	at org.apache.hc.client5.http.impl.classic.ExecChainElement.execute(ExecChainElement.java:51)
	at org.apache.hc.client5.http.impl.classic.ContentCompressionExec.execute(ContentCompressionExec.java:150)
	at org.apache.hc.client5.http.impl.classic.ExecChainElement.execute(ExecChainElement.java:51)
	at org.apache.hc.client5.http.impl.classic.HttpRequestRetryExec.execute(HttpRequestRetryExec.java:113)
	at org.apache.hc.client5.http.impl.classic.ExecChainElement.execute(ExecChainElement.java:51)
	at org.apache.hc.client5.http.impl.classic.RedirectExec.execute(RedirectExec.java:110)
	at org.apache.hc.client5.http.impl.classic.ExecChainElement.execute(ExecChainElement.java:51)
	at org.apache.hc.client5.http.impl.classic.InternalHttpClient.doExecute(InternalHttpClient.java:183)
	at org.apache.hc.client5.http.impl.classic.CloseableHttpClient.execute(CloseableHttpClient.java:87)
	at org.apache.hc.client5.http.impl.classic.CloseableHttpClient.execute(CloseableHttpClient.java:55)
	at org.apache.hc.client5.http.classic.HttpClient.executeOpen(HttpClient.java:183)
	at org.springframework.http.client.HttpComponentsClientHttpRequest.executeInternal(HttpComponentsClientHttpRequest.java:99)
	at org.springframework.http.client.AbstractStreamingClientHttpRequest.executeInternal(AbstractStreamingClientHttpRequest.java:71)
	at org.springframework.http.client.AbstractClientHttpRequest.execute(AbstractClientHttpRequest.java:81)
	at org.springframework.http.client.InterceptingClientHttpRequest$InterceptingRequestExecution.execute(InterceptingClientHttpRequest.java:117)
	at org.springframework.cloud.netflix.eureka.http.RestTemplateTransportClientFactory.lambda$restTemplate$2(RestTemplateTransportClientFactory.java:145)
	at org.springframework.http.client.InterceptingClientHttpRequest$InterceptingRequestExecution.execute(InterceptingClientHttpRequest.java:88)
	at org.springframework.http.client.InterceptingClientHttpRequest.executeInternal(InterceptingClientHttpRequest.java:72)
	at org.springframework.http.client.AbstractBufferingClientHttpRequest.executeInternal(AbstractBufferingClientHttpRequest.java:48)
	at org.springframework.http.client.AbstractClientHttpRequest.execute(AbstractClientHttpRequest.java:81)
	at org.springframework.web.client.RestTemplate.doExecute(RestTemplate.java:900)
	... 23 more

2025-05-26 18:14:53 - Request execution failed with message: I/O error on GET request for "http://localhost:8761/eureka/apps/delta": Connect to http://localhost:8761 [localhost/127.0.0.1, localhost/0:0:0:0:0:0:0:1] failed: Connection refused: no further information
2025-05-26 18:14:53 - DiscoveryClient_LOGGING-SERVICE/LTIN591804.mshome.net:logging-service:9096 - was unable to refresh its cache! This periodic background refresh will be retried in 30 seconds. status = Cannot execute request on any known server stacktrace = com.netflix.discovery.shared.transport.TransportException: Cannot execute request on any known server
	at com.netflix.discovery.shared.transport.decorator.RetryableEurekaHttpClient.execute(RetryableEurekaHttpClient.java:112)
	at com.netflix.discovery.shared.transport.decorator.EurekaHttpClientDecorator.getDelta(EurekaHttpClientDecorator.java:149)
	at com.netflix.discovery.shared.transport.decorator.EurekaHttpClientDecorator$7.execute(EurekaHttpClientDecorator.java:152)
	at com.netflix.discovery.shared.transport.decorator.SessionedEurekaHttpClient.execute(SessionedEurekaHttpClient.java:76)
	at com.netflix.discovery.shared.transport.decorator.EurekaHttpClientDecorator.getDelta(EurekaHttpClientDecorator.java:149)
	at com.netflix.discovery.DiscoveryClient.getAndUpdateDelta(DiscoveryClient.java:1080)
	at com.netflix.discovery.DiscoveryClient.fetchRegistry(DiscoveryClient.java:963)
	at com.netflix.discovery.DiscoveryClient.refreshRegistry(DiscoveryClient.java:1473)
	at com.netflix.discovery.DiscoveryClient$CacheRefreshThread.run(DiscoveryClient.java:1441)
	at java.base/java.util.concurrent.Executors$RunnableAdapter.call(Executors.java:572)
	at java.base/java.util.concurrent.FutureTask.run(FutureTask.java:317)
	at java.base/java.util.concurrent.ThreadPoolExecutor.runWorker(ThreadPoolExecutor.java:1144)
	at java.base/java.util.concurrent.ThreadPoolExecutor$Worker.run(ThreadPoolExecutor.java:642)
	at java.base/java.lang.Thread.run(Thread.java:1583)

2025-05-26 18:14:53 - Request execution error. endpoint=DefaultEndpoint{ serviceUrl='http://localhost:8761/eureka/}, exception=I/O error on PUT request for "http://localhost:8761/eureka/apps/LOGGING-SERVICE/LTIN591804.mshome.net:logging-service:9096": Connect to http://localhost:8761 [localhost/127.0.0.1, localhost/0:0:0:0:0:0:0:1] failed: Connection refused: no further information stacktrace=org.springframework.web.client.ResourceAccessException: I/O error on PUT request for "http://localhost:8761/eureka/apps/LOGGING-SERVICE/LTIN591804.mshome.net:logging-service:9096": Connect to http://localhost:8761 [localhost/127.0.0.1, localhost/0:0:0:0:0:0:0:1] failed: Connection refused: no further information
	at org.springframework.web.client.RestTemplate.createResourceAccessException(RestTemplate.java:926)
	at org.springframework.web.client.RestTemplate.doExecute(RestTemplate.java:906)
	at org.springframework.web.client.RestTemplate.execute(RestTemplate.java:841)
	at org.springframework.web.client.RestTemplate.exchange(RestTemplate.java:702)
	at org.springframework.cloud.netflix.eureka.http.RestTemplateEurekaHttpClient.sendHeartBeat(RestTemplateEurekaHttpClient.java:119)
	at com.netflix.discovery.shared.transport.decorator.EurekaHttpClientDecorator$3.execute(EurekaHttpClientDecorator.java:92)
	at com.netflix.discovery.shared.transport.decorator.RedirectingEurekaHttpClient.executeOnNewServer(RedirectingEurekaHttpClient.java:121)
	at com.netflix.discovery.shared.transport.decorator.RedirectingEurekaHttpClient.execute(RedirectingEurekaHttpClient.java:80)
	at com.netflix.discovery.shared.transport.decorator.EurekaHttpClientDecorator.sendHeartBeat(EurekaHttpClientDecorator.java:89)
	at com.netflix.discovery.shared.transport.decorator.EurekaHttpClientDecorator$3.execute(EurekaHttpClientDecorator.java:92)
	at com.netflix.discovery.shared.transport.decorator.RetryableEurekaHttpClient.execute(RetryableEurekaHttpClient.java:120)
	at com.netflix.discovery.shared.transport.decorator.EurekaHttpClientDecorator.sendHeartBeat(EurekaHttpClientDecorator.java:89)
	at com.netflix.discovery.shared.transport.decorator.EurekaHttpClientDecorator$3.execute(EurekaHttpClientDecorator.java:92)
	at com.netflix.discovery.shared.transport.decorator.SessionedEurekaHttpClient.execute(SessionedEurekaHttpClient.java:76)
	at com.netflix.discovery.shared.transport.decorator.EurekaHttpClientDecorator.sendHeartBeat(EurekaHttpClientDecorator.java:89)
	at com.netflix.discovery.DiscoveryClient.renew(DiscoveryClient.java:845)
	at com.netflix.discovery.DiscoveryClient$HeartbeatThread.run(DiscoveryClient.java:1402)
	at java.base/java.util.concurrent.Executors$RunnableAdapter.call(Executors.java:572)
	at java.base/java.util.concurrent.FutureTask.run(FutureTask.java:317)
	at java.base/java.util.concurrent.ThreadPoolExecutor.runWorker(ThreadPoolExecutor.java:1144)
	at java.base/java.util.concurrent.ThreadPoolExecutor$Worker.run(ThreadPoolExecutor.java:642)
	at java.base/java.lang.Thread.run(Thread.java:1583)
Caused by: org.apache.hc.client5.http.HttpHostConnectException: Connect to http://localhost:8761 [localhost/127.0.0.1, localhost/0:0:0:0:0:0:0:1] failed: Connection refused: no further information
	at java.base/sun.nio.ch.Net.pollConnect(Native Method)
	at java.base/sun.nio.ch.Net.pollConnectNow(Net.java:682)
	at java.base/sun.nio.ch.NioSocketImpl.timedFinishConnect(NioSocketImpl.java:542)
	at java.base/sun.nio.ch.NioSocketImpl.connect(NioSocketImpl.java:592)
	at java.base/java.net.SocksSocketImpl.connect(SocksSocketImpl.java:327)
	at java.base/java.net.Socket.connect(Socket.java:751)
	at org.apache.hc.client5.http.impl.io.DefaultHttpClientConnectionOperator.connect(DefaultHttpClientConnectionOperator.java:216)
	at org.apache.hc.client5.http.impl.io.PoolingHttpClientConnectionManager.connect(PoolingHttpClientConnectionManager.java:490)
	at org.apache.hc.client5.http.impl.classic.InternalExecRuntime.connectEndpoint(InternalExecRuntime.java:164)
	at org.apache.hc.client5.http.impl.classic.InternalExecRuntime.connectEndpoint(InternalExecRuntime.java:174)
	at org.apache.hc.client5.http.impl.classic.ConnectExec.execute(ConnectExec.java:144)
	at org.apache.hc.client5.http.impl.classic.ExecChainElement.execute(ExecChainElement.java:51)
	at org.apache.hc.client5.http.impl.classic.ProtocolExec.execute(ProtocolExec.java:192)
	at org.apache.hc.client5.http.impl.classic.ExecChainElement.execute(ExecChainElement.java:51)
	at org.apache.hc.client5.http.impl.classic.ContentCompressionExec.execute(ContentCompressionExec.java:150)
	at org.apache.hc.client5.http.impl.classic.ExecChainElement.execute(ExecChainElement.java:51)
	at org.apache.hc.client5.http.impl.classic.HttpRequestRetryExec.execute(HttpRequestRetryExec.java:113)
	at org.apache.hc.client5.http.impl.classic.ExecChainElement.execute(ExecChainElement.java:51)
	at org.apache.hc.client5.http.impl.classic.RedirectExec.execute(RedirectExec.java:110)
	at org.apache.hc.client5.http.impl.classic.ExecChainElement.execute(ExecChainElement.java:51)
	at org.apache.hc.client5.http.impl.classic.InternalHttpClient.doExecute(InternalHttpClient.java:183)
	at org.apache.hc.client5.http.impl.classic.CloseableHttpClient.execute(CloseableHttpClient.java:87)
	at org.apache.hc.client5.http.impl.classic.CloseableHttpClient.execute(CloseableHttpClient.java:55)
	at org.apache.hc.client5.http.classic.HttpClient.executeOpen(HttpClient.java:183)
	at org.springframework.http.client.HttpComponentsClientHttpRequest.executeInternal(HttpComponentsClientHttpRequest.java:99)
	at org.springframework.http.client.AbstractStreamingClientHttpRequest.executeInternal(AbstractStreamingClientHttpRequest.java:71)
	at org.springframework.http.client.AbstractClientHttpRequest.execute(AbstractClientHttpRequest.java:81)
	at org.springframework.http.client.InterceptingClientHttpRequest$InterceptingRequestExecution.execute(InterceptingClientHttpRequest.java:117)
	at org.springframework.cloud.netflix.eureka.http.RestTemplateTransportClientFactory.lambda$restTemplate$2(RestTemplateTransportClientFactory.java:145)
	at org.springframework.http.client.InterceptingClientHttpRequest$InterceptingRequestExecution.execute(InterceptingClientHttpRequest.java:88)
	at org.springframework.http.client.InterceptingClientHttpRequest.executeInternal(InterceptingClientHttpRequest.java:72)
	at org.springframework.http.client.AbstractBufferingClientHttpRequest.executeInternal(AbstractBufferingClientHttpRequest.java:48)
	at org.springframework.http.client.AbstractClientHttpRequest.execute(AbstractClientHttpRequest.java:81)
	at org.springframework.web.client.RestTemplate.doExecute(RestTemplate.java:900)
	... 20 more

2025-05-26 18:14:53 - Request execution failed with message: I/O error on PUT request for "http://localhost:8761/eureka/apps/LOGGING-SERVICE/LTIN591804.mshome.net:logging-service:9096": Connect to http://localhost:8761 [localhost/127.0.0.1, localhost/0:0:0:0:0:0:0:1] failed: Connection refused: no further information
2025-05-26 18:14:53 - DiscoveryClient_LOGGING-SERVICE/LTIN591804.mshome.net:logging-service:9096 - was unable to send heartbeat!
com.netflix.discovery.shared.transport.TransportException: Cannot execute request on any known server
	at com.netflix.discovery.shared.transport.decorator.RetryableEurekaHttpClient.execute(RetryableEurekaHttpClient.java:112)
	at com.netflix.discovery.shared.transport.decorator.EurekaHttpClientDecorator.sendHeartBeat(EurekaHttpClientDecorator.java:89)
	at com.netflix.discovery.shared.transport.decorator.EurekaHttpClientDecorator$3.execute(EurekaHttpClientDecorator.java:92)
	at com.netflix.discovery.shared.transport.decorator.SessionedEurekaHttpClient.execute(SessionedEurekaHttpClient.java:76)
	at com.netflix.discovery.shared.transport.decorator.EurekaHttpClientDecorator.sendHeartBeat(EurekaHttpClientDecorator.java:89)
	at com.netflix.discovery.DiscoveryClient.renew(DiscoveryClient.java:845)
	at com.netflix.discovery.DiscoveryClient$HeartbeatThread.run(DiscoveryClient.java:1402)
	at java.base/java.util.concurrent.Executors$RunnableAdapter.call(Executors.java:572)
	at java.base/java.util.concurrent.FutureTask.run(FutureTask.java:317)
	at java.base/java.util.concurrent.ThreadPoolExecutor.runWorker(ThreadPoolExecutor.java:1144)
	at java.base/java.util.concurrent.ThreadPoolExecutor$Worker.run(ThreadPoolExecutor.java:642)
	at java.base/java.lang.Thread.run(Thread.java:1583)
